0 verbose cli E:\node.exe E:\node_modules\npm\bin\npm-cli.js
1 info using npm@10.9.2
2 info using node@v22.14.0
3 silly config load:file:E:\node_modules\npm\npmrc
4 silly config load:file:D:\Community-Portal\.npmrc
5 silly config load:file:C:\Users\Admin\.npmrc
6 silly config load:file:D:\Community-Portal\.npm_prefix\etc\npmrc
7 verbose title npm view @renderinc/cli version
8 verbose argv "view" "@renderinc/cli" "version"
9 verbose logfile logs-max:10 dir:D:\Community-Portal\.npm_cache\_logs\2026-04-09T10_10_54_669Z-
10 verbose logfile D:\Community-Portal\.npm_cache\_logs\2026-04-09T10_10_54_669Z-debug-0.log
11 silly logfile done cleaning log files
12 http fetch GET 200 https://registry.npmjs.org/npm 125ms
13 http fetch GET 404 https://registry.npmjs.org/@renderinc%2fcli 782ms (cache skip)
14 verbose stack HttpErrorGeneral: 404 Not Found - GET https://registry.npmjs.org/@renderinc%2fcli - Not found
14 verbose stack     at E:\node_modules\npm\node_modules\npm-registry-fetch\lib\check-response.js:103:15
14 verbose stack     at process.processTicksAndRejections (node:internal/process/task_queues:105:5)
14 verbose stack     at async RegistryFetcher.packument (E:\node_modules\npm\node_modules\pacote\lib\registry.js:90:19)
14 verbose stack     at async #getData (E:\node_modules\npm\lib\commands\view.js:135:20)
14 verbose stack     at async #viewPackage (E:\node_modules\npm\lib\commands\view.js:112:28)
14 verbose stack     at async View.exec (E:\node_modules\npm\lib\commands\view.js:70:5)
14 verbose stack     at async Npm.exec (E:\node_modules\npm\lib\npm.js:207:9)
14 verbose stack     at async module.exports (E:\node_modules\npm\lib\cli\entry.js:74:5)
15 verbose statusCode 404
16 verbose pkgid @renderinc/cli@*
17 error code E404
18 error 404 Not Found - GET https://registry.npmjs.org/@renderinc%2fcli - Not found
19 error 404
20 error 404  '@renderinc/cli@*' is not in this registry.
21 error 404
22 error 404 Note that you can also install from a
23 error 404 tarball, folder, http url, or git url.
24 verbose cwd D:\Community-Portal
25 verbose os Windows_NT 10.0.26200
26 verbose node v22.14.0
27 verbose npm  v10.9.2
28 notice
28 notice New major version of npm available! 10.9.2 -> 11.12.1
28 notice Changelog: https://github.com/npm/cli/releases/tag/v11.12.1
28 notice To update run: npm install -g npm@11.12.1
28 notice  { force: true, [Symbol(proc-log.meta)]: true }
29 verbose exit 1
30 verbose code 1
31 error A complete log of this run can be found in: D:\Community-Portal\.npm_cache\_logs\2026-04-09T10_10_54_669Z-debug-0.log
